<?xml version="1.0" encoding="UTF-8"?>
<!-- Generated by org.testng.reporters.JUnitReportReporter -->
<testsuite skipped="0" hostname="HMECL002775" name="actions.MultipleWindowHandelling" tests="1" failures="0" timestamp="2020-03-22T15:45:55 IST" time="5.674" errors="0">
  <testcase name="windowHandle" time="5.674" classname="actions.MultipleWindowHandelling"/>
</testsuite> <!-- actions.MultipleWindowHandelling -->
