<?xml version="1.0" encoding="UTF-8"?>
<!-- Generated by org.testng.reporters.JUnitReportReporter -->
<testsuite skipped="0" hostname="HMECL002775" name="xpath.AutosuggestiveDropDown" tests="1" failures="0" timestamp="2020-03-16T11:01:05 IST" time="16.282" errors="0">
  <testcase name="xMethod" time="16.282" classname="xpath.AutosuggestiveDropDown"/>
</testsuite> <!-- xpath.AutosuggestiveDropDown -->
