<?xml version="1.0" encoding="UTF-8"?>
<!-- Generated by org.testng.reporters.JUnitReportReporter -->
<testsuite skipped="0" hostname="HMECL002775" name="actions.Assignment" tests="1" failures="0" timestamp="2020-03-22T16:11:02 IST" time="4.981" errors="0">
  <testcase name="windowHandleAssignment" time="4.981" classname="actions.Assignment"/>
</testsuite> <!-- actions.Assignment -->
