<?xml version="1.0" encoding="UTF-8"?>
<!-- Generated by org.testng.reporters.JUnitReportReporter -->
<testsuite skipped="0" hostname="HMECL002775" name="linkOnPage.Assignment" tests="1" failures="0" timestamp="2020-04-12T10:20:07 IST" time="0.567" errors="0">
  <testcase name="selectCheckBox" time="0.567" classname="linkOnPage.Assignment"/>
</testsuite> <!-- linkOnPage.Assignment -->
