<?xml version="1.0" encoding="UTF-8"?>
<!-- Generated by org.testng.reporters.JUnitReportReporter -->
<testsuite skipped="0" hostname="HMECL002775" name="synchronisation.ImplicitWait" tests="1" failures="0" timestamp="2020-03-21T16:19:40 IST" time="7.677" errors="0">
  <testcase name="AddItemToCart" time="7.677" classname="synchronisation.ImplicitWait"/>
</testsuite> <!-- synchronisation.ImplicitWait -->
