<?xml version="1.0" encoding="UTF-8"?>
<!-- Generated by org.testng.reporters.JUnitReportReporter -->
<testsuite skipped="0" hostname="HMECL002775" name="actions.DragDropItems$CapitalLetterinSearchbox" tests="1" failures="0" timestamp="2020-03-22T17:30:16 IST" time="0.609" errors="0">
  <testcase name="dragdropItem" time="0.609" classname="actions.DragDropItems$CapitalLetterinSearchbox"/>
</testsuite> <!-- actions.DragDropItems$CapitalLetterinSearchbox -->
