<?xml version="1.0" encoding="UTF-8"?>
<!-- Generated by org.testng.reporters.JUnitReportReporter -->
<testsuite skipped="0" hostname="HMECL002775" name="xpath.DropDown" tests="1" failures="0" timestamp="2020-03-15T15:10:03 IST" time="48.070" errors="0">
  <testcase name="xMethod" time="48.070" classname="xpath.DropDown"/>
</testsuite> <!-- xpath.DropDown -->
