<?xml version="1.0" encoding="UTF-8"?>
<!-- Generated by org.testng.reporters.JUnitReportReporter -->
<testsuite skipped="0" hostname="HMECL002775" name="xpath.DynamicDropdown" tests="1" failures="0" timestamp="2020-03-15T16:03:57 IST" time="30.040" errors="0">
  <testcase name="xMethod" time="30.040" classname="xpath.DynamicDropdown"/>
</testsuite> <!-- xpath.DynamicDropdown -->
