<?xml version="1.0" encoding="UTF-8"?>
<!-- Generated by org.testng.reporters.JUnitReportReporter -->
<testsuite skipped="0" hostname="HMECL002775" name="handelingAlerts.AlertHandeling" tests="1" failures="0" timestamp="2020-03-21T10:25:11 IST" time="29.565" errors="0">
  <testcase name="TestAlertBox" time="29.565" classname="handelingAlerts.AlertHandeling"/>
</testsuite> <!-- handelingAlerts.AlertHandeling -->
