<?xml version="1.0" encoding="UTF-8"?>
<!-- Generated by org.testng.reporters.JUnitReportReporter -->
<testsuite skipped="0" hostname="HMECL002775" name="fames.Assignment" tests="1" failures="0" timestamp="2020-03-25T16:02:23 IST" time="1.754" errors="0">
  <testcase name="nestedFrameAssignment" time="1.754" classname="fames.Assignment"/>
</testsuite> <!-- fames.Assignment -->
