<?xml version="1.0" encoding="UTF-8"?>
<!-- Generated by org.testng.reporters.JUnitReportReporter -->
<testsuite skipped="0" hostname="HMECL002775" name="E2ESpicejetBookin.BookTicket" tests="1" failures="0" timestamp="2020-03-20T11:29:55 IST" time="32.811" errors="0">
  <testcase name="OneWayCalend" time="32.811" classname="E2ESpicejetBookin.BookTicket"/>
</testsuite> <!-- E2ESpicejetBookin.BookTicket -->
