<?xml version="1.0" encoding="UTF-8"?>
<!-- Generated by org.testng.reporters.JUnitReportReporter -->
<testsuite skipped="0" hostname="HMECL002775" name="synchronisation.assignment" tests="1" failures="0" timestamp="2020-03-21T16:53:16 IST" time="3.261" errors="0">
  <testcase name="printText" time="3.261" classname="synchronisation.assignment"/>
</testsuite> <!-- synchronisation.assignment -->
