<?xml version="1.0" encoding="UTF-8"?>
<!-- Generated by org.testng.reporters.JUnitReportReporter -->
<testsuite skipped="0" hostname="HMECL002775" name="fames.FrameHandelling" tests="2" failures="0" timestamp="2020-03-25T15:30:12 IST" time="0.629" errors="0">
  <testcase name="frameHandeling" time="0.627" classname="fames.FrameHandelling"/>
  <testcase name="framePresentInPage" time="0.002" classname="fames.FrameHandelling"/>
</testsuite> <!-- fames.FrameHandelling -->
