<?xml version="1.0" encoding="UTF-8"?>
<!-- Generated by org.testng.reporters.JUnitReportReporter -->
<testsuite skipped="0" hostname="HMECL002775" name="LinkonWebPage" tests="1" failures="0" timestamp="2020-03-29T15:52:24 IST" time="37.518" errors="0">
  <testcase name="linkPresent" time="37.518" classname="LinkonWebPage"/>
</testsuite> <!-- LinkonWebPage -->
