<?xml version="1.0" encoding="UTF-8"?>
<!-- Generated by org.testng.reporters.JUnitReportReporter -->
<testsuite skipped="0" hostname="HMECL002775" name="checkbox.FirstPractise" tests="1" failures="0" timestamp="2020-03-18T12:48:16 IST" time="24.103" errors="0">
  <testcase name="Practise" time="24.103" classname="checkbox.FirstPractise"/>
</testsuite> <!-- checkbox.FirstPractise -->
