<?xml version="1.0" encoding="UTF-8"?>
<!-- Generated by org.testng.reporters.JUnitReportReporter -->
<testsuite skipped="0" hostname="HMECL002775" name="xpath.XpathLocator" tests="1" failures="0" timestamp="2020-03-15T12:41:49 IST" time="7.463" errors="0">
  <testcase name="xMethod" time="7.463" classname="xpath.XpathLocator"/>
</testsuite> <!-- xpath.XpathLocator -->
