<?xml version="1.0" encoding="UTF-8"?>
<!-- Generated by org.testng.reporters.JUnitReportReporter -->
<testsuite skipped="0" hostname="HMECL002775" name="shoppingcart.AddToCart" tests="1" failures="0" timestamp="2020-03-21T12:44:08 IST" time="0.676" errors="0">
  <testcase name="AddItemToCArt" time="0.676" classname="shoppingcart.AddToCart"/>
</testsuite> <!-- shoppingcart.AddToCart -->
