<?xml version="1.0" encoding="UTF-8"?>
<!-- Generated by org.testng.reporters.JUnitReportReporter -->
<testsuite skipped="0" hostname="HMECL002775" name="actions.actionsDemo" tests="1" failures="0" timestamp="2020-03-21T17:26:59 IST" time="1.777" errors="0">
  <testcase name="printText" time="1.777" classname="actions.actionsDemo"/>
</testsuite> <!-- actions.actionsDemo -->
