<?xml version="1.0" encoding="UTF-8"?>
<!-- Generated by org.testng.reporters.JUnitReportReporter -->
<testsuite skipped="0" hostname="HMECL002775" name="actions.CapitalLetterinSearchbox" tests="1" failures="0" timestamp="2020-03-22T11:21:48 IST" time="1.354" errors="0">
  <testcase name="capsInSearchTextBox" time="1.354" classname="actions.CapitalLetterinSearchbox"/>
</testsuite> <!-- actions.CapitalLetterinSearchbox -->
