<?xml version="1.0" encoding="UTF-8"?>
<!-- Generated by org.testng.reporters.JUnitReportReporter -->
<testsuite skipped="0" hostname="HMECL002775" name="calender.CalenderSelection" tests="1" failures="0" timestamp="2020-03-18T15:52:30 IST" time="36.720" errors="0">
  <testcase name="Calend" time="36.720" classname="calender.CalenderSelection"/>
</testsuite> <!-- calender.CalenderSelection -->
